<?xml version="1.0" encoding="UTF-8"?>
<!-- Generated by org.testng.reporters.JUnitReportReporter -->
<testsuite hostname="anhnnt" failures="0" tests="1" name="test.TestLoginPageSimple" time="14.508" errors="0" timestamp="2023-10-27T10:14:45 ICT" skipped="0">
  <testcase classname="test.TestLoginPageSimple" name="testLoginPage" time="14.508"/>
</testsuite> <!-- test.TestLoginPageSimple -->
